<?xml version="1.0" encoding="UTF-8"?>
<!-- Generated by org.testng.reporters.JUnitReportReporter -->
<testsuite hostname="MacBook-Air-Yulia.local" failures="0" tests="1" name="com.telran.tests.bookstore.SearchBookTests" time="27.914" errors="0" timestamp="2022-11-02T12:04:23 CET" skipped="0">
  <testcase classname="com.telran.tests.bookstore.SearchBookTests" name="searchBookPositiveForGuestTest" time="27.914"/>
  <system-out/>
</testsuite> <!-- com.telran.tests.bookstore.SearchBookTests -->
