<?xml version="1.0" encoding="UTF-8"?>
<!-- Generated by org.testng.reporters.JUnitReportReporter -->
<testsuite hostname="MacBook-Air-Yulia.local" failures="0" tests="2" name="com.telran.tests.bookstore.LoginTests" time="41.332" errors="0" timestamp="2022-11-01T11:23:58 CET" skipped="0">
  <testcase classname="com.telran.tests.bookstore.LoginTests" name="loginPositiveParametersTest" time="21.022"/>
  <system-out/>
  <testcase classname="com.telran.tests.bookstore.LoginTests" name="loginPositiveTest" time="20.310"/>
  <system-out/>
</testsuite> <!-- com.telran.tests.bookstore.LoginTests -->
